[18733] 2022/09/26 18:53:43.560334 [INF] Starting nats-server
[18733] 2022/09/26 18:53:43.560411 [INF]   Version:  2.9.0
[18733] 2022/09/26 18:53:43.560417 [INF]   Git:      [517d9b3]
[18733] 2022/09/26 18:53:43.560424 [INF]   Name:     NATH7EEEHY3USDKJAWLW4SMTJ3A2D4YRLMOR67NZCBJDINN3GOQUE2UC
[18733] 2022/09/26 18:53:43.560429 [INF]   Node:     vB1zSVWj
[18733] 2022/09/26 18:53:43.560433 [INF]   ID:       NATH7EEEHY3USDKJAWLW4SMTJ3A2D4YRLMOR67NZCBJDINN3GOQUE2UC
[18733] 2022/09/26 18:53:43.561481 [INF] Starting JetStream
[18733] 2022/09/26 18:53:43.561612 [INF]     _ ___ _____ ___ _____ ___ ___   _   __  __
[18733] 2022/09/26 18:53:43.561618 [INF]  _ | | __|_   _/ __|_   _| _ \ __| /_\ |  \/  |
[18733] 2022/09/26 18:53:43.561621 [INF] | || | _|  | | \__ \ | | |   / _| / _ \| |\/| |
[18733] 2022/09/26 18:53:43.561624 [INF]  \__/|___| |_| |___/ |_| |_|_\___/_/ \_\_|  |_|
[18733] 2022/09/26 18:53:43.561626 [INF] 
[18733] 2022/09/26 18:53:43.561629 [INF]          https://docs.nats.io/jetstream
[18733] 2022/09/26 18:53:43.561632 [INF] 
[18733] 2022/09/26 18:53:43.561634 [INF] ---------------- JETSTREAM ----------------
[18733] 2022/09/26 18:53:43.561639 [INF]   Max Memory:      47.10 GB
[18733] 2022/09/26 18:53:43.561643 [INF]   Max Storage:     23.55 GB
[18733] 2022/09/26 18:53:43.561645 [INF]   Store Directory: "/tmp/nats/jetstream"
[18733] 2022/09/26 18:53:43.561648 [INF] -------------------------------------------
[18733] 2022/09/26 18:53:43.562336 [INF] Listening for client connections on 0.0.0.0:4222
[18733] 2022/09/26 18:53:43.562984 [INF] Server is ready
